[INFO] 2025-04-19 17:23:11 sa Connected to server 3.93.191.229:8080
[DEBUG] 2025-04-19 17:23:11 sa Raw received PLAYER_ID|2

[INFO] 2025-04-19 17:23:11 sa Received PLAYER_ID|2

[INFO] 2025-04-19 17:23:11 sa Received PLAYER_ID Assigned ID: 2
[INFO] 2025-04-19 17:23:11 sa REGISTER|sa,sa
 Sent registration
[INFO] 2025-04-19 17:23:12 sa PLACE_SHIPS|PORTAAVIONES:A1,B1,C1,D1,E1;BUQUE:F6,G6,H6,I6;CRUCERO:B3,B4,B5;CRUCERO:C3,D3,E3;DESTRUCTOR:D8,E8;DESTRUCTOR:J1,J2;SUBMARINO:J3;SUBMARINO:J10;SUBMARINO:G4
 Sent ship placement
[DEBUG] 2025-04-19 17:23:13 sa Raw received STATUS|OPPONENT_TURN;A1:SHIP,A2:WATER,A3:WATER,A4:WATER,A5:WATER,A6:WATER,A7:WATER,A8:WATER,A9:WATER,A10:WATER,B1:SHIP,B2:WATER,B3:SHIP,B4:SHIP,B5:SHIP,B6:WATER,B7:WATER,B8:WATER,B9:WATER,B10:WATER,C1:SHIP,C2:WATER,C3:SHIP,C4:WATER,C5:WATER,C6:WATER,C7:WATER,C8:WATER,C9:WATER,C10:WATER,D1:SHIP,D2:WATER,D3:SHIP,D4:WATER,D5:WATER,D6:WATER,D7:WATER,D8:SHIP,D9:WATER,D10:WATER,E1:SHIP,E2:WATER,E3:SHIP,E4:WATER,E5:WATER,E6:WATER,E7:WATER,E8:SHIP,E9:WATER,E10:WATER,F1:WATER,F2:WATER,F3:WATER,F4:WATER,F5:WATER,F6:SHIP,F7:WATER,F8:WATER,F9:WATER,F10:WATER,G1:WATER,G2:WATER,G3:WATER,G4:SHIP,G5:WATER,G6:SHIP,G7:WATER,G8:WATER,G9:WATER,G10:WATER,H1:WATER,H2:WATER,H3:WATER,H4:WATER,H5:WATER,H6:SHIP,H7:WATER,H8:WATER,H9:WATER,H10:WATER,I1:WATER,I2:WATER,I3:WATER,I4:WATER,I5:WATER,I6:SHIP,I7:WATER,I8:WATER,I9:WATER,I10:WATER,J1:SHIP,J2:SHIP,J3:SHIP,J4:WATER,J5:WATER,J6:WATER,J7:WATER,J8:WATER,J9:WATER,J10:SHIP;A1:WATER,A2:WATER,A3:WATER,A4:WATER,A5:SHIP,A6:SHIP,A7:WATER,A8:WATER,A9:WATER,A10:WATER,B1:WATER,B2:WATER,B3:WATER,B4:WATER,B5:WATER,B6:WATER,B7:WATER,B8:WATER,B9:WATER,B10:WATER,C1:WATER,C2:WATER,C3:WATER,C4:WATER,C5:WATER,C6:WATER,C7:SHIP,C8:WATER,C9:WATER,C10:WATER,D1:WATER,D2:WATER,D3:SHIP,D4:SHIP,D5:WATER,D6:WATER,D7:SHIP,D8:WATER,D9:WATER,D10:WATER,E1:WATER,E2:WATER,E3:WATER,E4:WATER,E5:WATER,E6:WATER,E7:SHIP,E8:WATER,E9:WATER,E10:WATER,F1:WATER,F2:WATER,F3:WATER,F4:SHIP,F5:WATER,F6:WATER,F7:WATER,F8:WATER,F9:WATER,F10:WATER,G1:WATER,G2:WATER,G3:WATER,G4:SHIP,G5:SHIP,G6:SHIP,G7:SHIP,G8:WATER,G9:WATER,G10:WATER,H1:WATER,H2:SHIP,H3:SHIP,H4:SHIP,H5:SHIP,H6:SHIP,H7:SHIP,H8:WATER,H9:WATER,H10:WATER,I1:SHIP,I2:WATER,I3:WATER,I4:WATER,I5:WATER,I6:WATER,I7:WATER,I8:SHIP,I9:SHIP,I10:SHIP,J1:WATER,J2:WATER,J3:WATER,J4:WATER,J5:WATER,J6:WATER,J7:WATER,J8:WATER,J9:WATER,J10:WATER;ONGOING;0

[INFO] 2025-04-19 17:23:13 sa Received STATUS|OPPONENT_TURN;A1:SHIP,A2:WATER,A3:WATER,A4:WATER,A5:WATER,A6:WATER,A7:WATER,A8:WATER,A9:WATER,A10:WATER,B1:SHIP,B2:WATER,B3:SHIP,B4:SHIP,B5:SHIP,B6:WATER,B7:WATER,B8:WATER,B9:WATER,B10:WATER,C1:SHIP,C2:WATER,C3:SHIP,C4:WATER,C5:WATER,C6:WATER,C7:WATER,C8:WATER,C9:WATER,C10:WATER,D1:SHIP,D2:WATER,D3:SHIP,D4:WATER,D5:WATER,D6:WATER,D7:WATER,D8:SHIP,D9:WATER,D10:WATER,E1:SHIP,E2:WATER,E3:SHIP,E4:WATER,E5:WATER,E6:WATER,E7:WATER,E8:SHIP,E9:WATER,E10:WATER,F1:WATER,F2:WATER,F3:WATER,F4:WATER,F5:WATER,F6:SHIP,F7:WATER,F8:WATER,F9:WATER,F10:WATER,G1:WATER,G2:WATER,G3:WATER,G4:SHIP,G5:WATER,G6:SHIP,G7:WATER,G8:WATER,G9:WATER,G10:WATER,H1:WATER,H2:WATER,H3:WATER,H4:WATER,H5:WATER,H6:SHIP,H7:WATER,H8:WATER,H9:WATER,H10:WATER,I1:WATER,I2:WATER,I3:WATER,I4:WATER,I5:WATER,I6:SHIP,I7:WATER,I8:WATER,I9:WATER,I10:WATER,J1:SHIP,J2:SHIP,J3:SHIP,J4:WATER,J5:WATER,J6:WATER,J7:WATER,J8:WATER,J9:WATER,J10:SHIP;A1:WATER,A2:WATER,A3:WATER,A4:WATER,A5:SHIP,A6:SHIP,A7:WATER,A8:WATER,A9:WATER,A10:WATER,B1:WATER,B2:WATER,B3:WATER,B4:WATER,B5:WATER,B6:WATER,B7:WATER,B8:WATER,B9:WATER,B10:WATER,C1:WATER,C2:WATER,C3:WATER,C4:WATER,C5:WATER,C6:WATER,C7:SHIP,C8:WATER,C9:WATER,C10:WATER,D1:WATER,D2:WATER,D3:SHIP,D4:SHIP,D5:WATER,D6:WATER,D7:SHIP,D8:WATER,D9:WATER,D10:WATER,E1:WATER,E2:WATER,E3:WATER,E4:WATER,E5:WATER,E6:WATER,E7:SHIP,E8:WATER,E9:WATER,E10:WATER,F1:WATER,F2:WATER,F3:WATER,F4:SHIP,F5:WATER,F6:WATER,F7:WATER,F8:WATER,F9:WATER,F10:WATER,G1:WATER,G2:WATER,G3:WATER,G4:SHIP,G5:SHIP,G6:SHIP,G7:SHIP,G8:WATER,G9:WATER,G10:WATER,H1:WATER,H2:SHIP,H3:SHIP,H4:SHIP,H5:SHIP,H6:SHIP,H7:SHIP,H8:WATER,H9:WATER,H10:WATER,I1:SHIP,I2:WATER,I3:WATER,I4:WATER,I5:WATER,I6:WATER,I7:WATER,I8:SHIP,I9:SHIP,I10:SHIP,J1:WATER,J2:WATER,J3:WATER,J4:WATER,J5:WATER,J6:WATER,J7:WATER,J8:WATER,J9:WATER,J10:WATER;ONGOING;0

[INFO] 2025-04-19 17:23:13 sa Processing STATUS Turn: OPPONENT_TURN
[DEBUG] 2025-04-19 17:23:13 sa Starting display_game_state Player: sa
[DEBUG] 2025-04-19 17:23:13 sa Finished rendering boards and menu Player: sa
[DEBUG] 2025-04-19 17:23:16 sa Raw received ERROR|400,Opponent disconnected

[INFO] 2025-04-19 17:23:16 sa Received ERROR|400,Opponent disconnected

[ERROR] 2025-04-19 17:23:16 sa Received ERROR Opponent disconnected
[ERROR] 2025-04-19 17:23:16 sa Receive failed Server disconnected
[DEBUG] 2025-04-19 17:23:16 sa receive_loop terminated running_: false
[INFO] 2025-04-19 17:51:46 sa Connected to server 127.0.0.1:8080
[INFO] 2025-04-19 17:51:47 sa Connected to server 127.0.0.1:8080
[DEBUG] 2025-04-19 17:51:47 sa Raw received PLAYER_ID|1

[INFO] 2025-04-19 17:51:47 sa Received PLAYER_ID|1

[DEBUG] 2025-04-19 17:51:47 sa Raw received PLAYER_ID|2

[INFO] 2025-04-19 17:51:47 sa Received PLAYER_ID Assigned ID: 1
[INFO] 2025-04-19 17:51:47 sa Received PLAYER_ID|2

[INFO] 2025-04-19 17:51:47 sa Received PLAYER_ID Assigned ID: 2
[INFO] 2025-04-19 17:51:47 sa REGISTER|sa,sa
 Sent registration
[INFO] 2025-04-19 17:51:47 sa REGISTER|sa,sa
 Sent registration
[INFO] 2025-04-19 17:51:48 sa PLACE_SHIPS|PORTAAVIONES:A3,A4,A5,A6,A7;BUQUE:D6,E6,F6,G6;CRUCERO:H4,I4,J4;CRUCERO:A10,B10,C10;DESTRUCTOR:F9,G9;DESTRUCTOR:J1,J2;SUBMARINO:D2;SUBMARINO:G7;SUBMARINO:A2
 Sent ship placement
[INFO] 2025-04-19 17:51:49 sa PLACE_SHIPS|PORTAAVIONES:H3,H4,H5,H6,H7;BUQUE:G6,G7,G8,G9;CRUCERO:A7,A8,A9;CRUCERO:G1,G2,G3;DESTRUCTOR:G10,H10;DESTRUCTOR:E2,E3;SUBMARINO:G5;SUBMARINO:C5;SUBMARINO:H2
 Sent ship placement
[DEBUG] 2025-04-19 17:51:49 sa Raw received STATUS|YOUR_TURN;A1:WATER,A2:WATER,A3:WATER,A4:WATER,A5:WATER,A6:WATER,A7:SHIP,A8:SHIP,A9:SHIP,A10:WATER,B1:WATER,B2:WATER,B3:WATER,B4:WATER,B5:WATER,B6:WATER,B7:WATER,B8:WATER,B9:WATER,B10:WATER,C1:WATER,C2:WATER,C3:WATER,C4:WATER,C5:SHIP,C6:WATER,C7:WATER,C8:WATER,C9:WATER,C10:WATER,D1:WATER,D2:WATER,D3:WATER,D4:WATER,D5:WATER,D6:WATER,D7:WATER,D8:WATER,D9:WATER,D10:WATER,E1:WATER,E2:SHIP,E3:SHIP,E4:WATER,E5:WATER,E6:WATER,E7:WATER,E8:WATER,E9:WATER,E10:WATER,F1:WATER,F2:WATER,F3:WATER,F4:WATER,F5:WATER,F6:WATER,F7:WATER,F8:WATER,F9:WATER,F10:WATER,G1:SHIP,G2:SHIP,G3:SHIP,G4:WATER,G5:SHIP,G6:SHIP,G7:SHIP,G8:SHIP,G9:SHIP,G10:SHIP,H1:WATER,H2:SHIP,H3:SHIP,H4:SHIP,H5:SHIP,H6:SHIP,H7:SHIP,H8:WATER,H9:WATER,H10:SHIP,I1:WATER,I2:WATER,I3:WATER,I4:WATER,I5:WATER,I6:WATER,I7:WATER,I8:WATER,I9:WATER,I10:WATER,J1:WATER,J2:WATER,J3:WATER,J4:WATER,J5:WATER,J6:WATER,J7:WATER,J8:WATER,J9:WATER,J10:WATER;A1:WATER,A2:SHIP,A3:SHIP,A4:SHIP,A5:SHIP,A6:SHIP,A7:SHIP,A8:WATER,A9:WATER,A10:SHIP,B1:WATER,B2:WATER,B3:WATER,B4:WATER,B5:WATER,B6:WATER,B7:WATER,B8:WATER,B9:WATER,B10:SHIP,C1:WATER,C2:WATER,C3:WATER,C4:WATER,C5:WATER,C6:WATER,C7:WATER,C8:WATER,C9:WATER,C10:SHIP,D1:WATER,D2:SHIP,D3:WATER,D4:WATER,D5:WATER,D6:SHIP,D7:WATER,D8:WATER,D9:WATER,D10:WATER,E1:WATER,E2:WATER,E3:WATER,E4:WATER,E5:WATER,E6:SHIP,E7:WATER,E8:WATER,E9:WATER,E10:WATER,F1:WATER,F2:WATER,F3:WATER,F4:WATER,F5:WATER,F6:SHIP,F7:WATER,F8:WATER,F9:SHIP,F10:WATER,G1:WATER,G2:WATER,G3:WATER,G4:WATER,G5:WATER,G6:SHIP,G7:SHIP,G8:WATER,G9:SHIP,G10:WATER,H1:WATER,H2:WATER,H3:WATER,H4:SHIP,H5:WATER,H6:WATER,H7:WATER,H8:WATER,H9:WATER,H10:WATER,I1:WATER,I2:WATER,I3:WATER,I4:SHIP,I5:WATER,I6:WATER,I7:WATER,I8:WATER,I9:WATER,I10:WATER,J1:SHIP,J2:SHIP,J3:WATER,J4:SHIP,J5:WATER,J6:WATER,J7:WATER,J8:WATER,J9:WATER,J10:WATER;ONGOING;0

[DEBUG] 2025-04-19 17:51:49 sa Raw received STATUS|OPPONENT_TURN;A1:WATER,A2:SHIP,A3:SHIP,A4:SHIP,A5:SHIP,A6:SHIP,A7:SHIP,A8:WATER,A9:WATER,A10:SHIP,B1:WATER,B2:WATER,B3:WATER,B4:WATER,B5:WATER,B6:WATER,B7:WATER,B8:WATER,B9:WATER,B10:SHIP,C1:WATER,C2:WATER,C3:WATER,C4:WATER,C5:WATER,C6:WATER,C7:WATER,C8:WATER,C9:WATER,C10:SHIP,D1:WATER,D2:SHIP,D3:WATER,D4:WATER,D5:WATER,D6:SHIP,D7:WATER,D8:WATER,D9:WATER,D10:WATER,E1:WATER,E2:WATER,E3:WATER,E4:WATER,E5:WATER,E6:SHIP,E7:WATER,E8:WATER,E9:WATER,E10:WATER,F1:WATER,F2:WATER,F3:WATER,F4:WATER,F5:WATER,F6:SHIP,F7:WATER,F8:WATER,F9:SHIP,F10:WATER,G1:WATER,G2:WATER,G3:WATER,G4:WATER,G5:WATER,G6:SHIP,G7:SHIP,G8:WATER,G9:SHIP,G10:WATER,H1:WATER,H2:WATER,H3:WATER,H4:SHIP,H5:WATER,H6:WATER,H7:WATER,H8:WATER,H9:WATER,H10:WATER,I1:WATER,I2:WATER,I3:WATER,I4:SHIP,I5:WATER,I6:WATER,I7:WATER,I8:WATER,I9:WATER,I10:WATER,J1:SHIP,J2:SHIP,J3:WATER,J4:SHIP,J5:WATER,J6:WATER,J7:WATER,J8:WATER,J9:WATER,J10:WATER;A1:WATER,A2:WATER,A3:WATER,A4:WATER,A5:WATER,A6:WATER,A7:SHIP,A8:SHIP,A9:SHIP,A10:WATER,B1:WATER,B2:WATER,B3:WATER,B4:WATER,B5:WATER,B6:WATER,B7:WATER,B8:WATER,B9:WATER,B10:WATER,C1:WATER,C2:WATER,C3:WATER,C4:WATER,C5:SHIP,C6:WATER,C7:WATER,C8:WATER,C9:WATER,C10:WATER,D1:WATER,D2:WATER,D3:WATER,D4:WATER,D5:WATER,D6:WATER,D7:WATER,D8:WATER,D9:WATER,D10:WATER,E1:WATER,E2:SHIP,E3:SHIP,E4:WATER,E5:WATER,E6:WATER,E7:WATER,E8:WATER,E9:WATER,E10:WATER,F1:WATER,F2:WATER,F3:WATER,F4:WATER,F5:WATER,F6:WATER,F7:WATER,F8:WATER,F9:WATER,F10:WATER,G1:SHIP,G2:SHIP,G3:SHIP,G4:WATER,G5:SHIP,G6:SHIP,G7:SHIP,G8:SHIP,G9:SHIP,G10:SHIP,H1:WATER,H2:SHIP,H3:SHIP,H4:SHIP,H5:SHIP,H6:SHIP,H7:SHIP,H8:WATER,H9:WATER,H10:SHIP,I1:WATER,I2:WATER,I3:WATER,I4:WATER,I5:WATER,I6:WATER,I7:WATER,I8:WATER,I9:WATER,I10:WATER,J1:WATER,J2:WATER,J3:WATER,J4:WATER,J5:WATER,J6:WATER,J7:WATER,J8:WATER,J9:WATER,J10:WATER;ONGOING;0

[INFO] 2025-04-19 17:51:49 sa Received STATUS|YOUR_TURN;A1:WATER,A2:WATER,A3:WATER,A4:WATER,A5:WATER,A6:WATER,A7:SHIP,A8:SHIP,A9:SHIP,A10:WATER,B1:WATER,B2:WATER,B3:WATER,B4:WATER,B5:WATER,B6:WATER,B7:WATER,B8:WATER,B9:WATER,B10:WATER,C1:WATER,C2:WATER,C3:WATER,C4:WATER,C5:SHIP,C6:WATER,C7:WATER,C8:WATER,C9:WATER,C10:WATER,D1:WATER,D2:WATER,D3:WATER,D4:WATER,D5:WATER,D6:WATER,D7:WATER,D8:WATER,D9:WATER,D10:WATER,E1:WATER,E2:SHIP,E3:SHIP,E4:WATER,E5:WATER,E6:WATER,E7:WATER,E8:WATER,E9:WATER,E10:WATER,F1:WATER,F2:WATER,F3:WATER,F4:WATER,F5:WATER,F6:WATER,F7:WATER,F8:WATER,F9:WATER,F10:WATER,G1:SHIP,G2:SHIP,G3:SHIP,G4:WATER,G5:SHIP,G6:SHIP,G7:SHIP,G8:SHIP,G9:SHIP,G10:SHIP,H1:WATER,H2:SHIP,H3:SHIP,H4:SHIP,H5:SHIP,H6:SHIP,H7:SHIP,H8:WATER,H9:WATER,H10:SHIP,I1:WATER,I2:WATER,I3:WATER,I4:WATER,I5:WATER,I6:WATER,I7:WATER,I8:WATER,I9:WATER,I10:WATER,J1:WATER,J2:WATER,J3:WATER,J4:WATER,J5:WATER,J6:WATER,J7:WATER,J8:WATER,J9:WATER,J10:WATER;A1:WATER,A2:SHIP,A3:SHIP,A4:SHIP,A5:SHIP,A6:SHIP,A7:SHIP,A8:WATER,A9:WATER,A10:SHIP,B1:WATER,B2:WATER,B3:WATER,B4:WATER,B5:WATER,B6:WATER,B7:WATER,B8:WATER,B9:WATER,B10:SHIP,C1:WATER,C2:WATER,C3:WATER,C4:WATER,C5:WATER,C6:WATER,C7:WATER,C8:WATER,C9:WATER,C10:SHIP,D1:WATER,D2:SHIP,D3:WATER,D4:WATER,D5:WATER,D6:SHIP,D7:WATER,D8:WATER,D9:WATER,D10:WATER,E1:WATER,E2:WATER,E3:WATER,E4:WATER,E5:WATER,E6:SHIP,E7:WATER,E8:WATER,E9:WATER,E10:WATER,F1:WATER,F2:WATER,F3:WATER,F4:WATER,F5:WATER,F6:SHIP,F7:WATER,F8:WATER,F9:SHIP,F10:WATER,G1:WATER,G2:WATER,G3:WATER,G4:WATER,G5:WATER,G6:SHIP,G7:SHIP,G8:WATER,G9:SHIP,G10:WATER,H1:WATER,H2:WATER,H3:WATER,H4:SHIP,H5:WATER,H6:WATER,H7:WATER,H8:WATER,H9:WATER,H10:WATER,I1:WATER,I2:WATER,I3:WATER,I4:SHIP,I5:WATER,I6:WATER,I7:WATER,I8:WATER,I9:WATER,I10:WATER,J1:SHIP,J2:SHIP,J3:WATER,J4:SHIP,J5:WATER,J6:WATER,J7:WATER,J8:WATER,J9:WATER,J10:WATER;ONGOING;0

[INFO] 2025-04-19 17:51:49 sa Processing STATUS Turn: YOUR_TURN
[DEBUG] 2025-04-19 17:51:49 sa Starting display_game_state Player: sa
[INFO] 2025-04-19 17:51:49 sa Received STATUS|OPPONENT_TURN;A1:WATER,A2:SHIP,A3:SHIP,A4:SHIP,A5:SHIP,A6:SHIP,A7:SHIP,A8:WATER,A9:WATER,A10:SHIP,B1:WATER,B2:WATER,B3:WATER,B4:WATER,B5:WATER,B6:WATER,B7:WATER,B8:WATER,B9:WATER,B10:SHIP,C1:WATER,C2:WATER,C3:WATER,C4:WATER,C5:WATER,C6:WATER,C7:WATER,C8:WATER,C9:WATER,C10:SHIP,D1:WATER,D2:SHIP,D3:WATER,D4:WATER,D5:WATER,D6:SHIP,D7:WATER,D8:WATER,D9:WATER,D10:WATER,E1:WATER,E2:WATER,E3:WATER,E4:WATER,E5:WATER,E6:SHIP,E7:WATER,E8:WATER,E9:WATER,E10:WATER,F1:WATER,F2:WATER,F3:WATER,F4:WATER,F5:WATER,F6:SHIP,F7:WATER,F8:WATER,F9:SHIP,F10:WATER,G1:WATER,G2:WATER,G3:WATER,G4:WATER,G5:WATER,G6:SHIP,G7:SHIP,G8:WATER,G9:SHIP,G10:WATER,H1:WATER,H2:WATER,H3:WATER,H4:SHIP,H5:WATER,H6:WATER,H7:WATER,H8:WATER,H9:WATER,H10:WATER,I1:WATER,I2:WATER,I3:WATER,I4:SHIP,I5:WATER,I6:WATER,I7:WATER,I8:WATER,I9:WATER,I10:WATER,J1:SHIP,J2:SHIP,J3:WATER,J4:SHIP,J5:WATER,J6:WATER,J7:WATER,J8:WATER,J9:WATER,J10:WATER;A1:WATER,A2:WATER,A3:WATER,A4:WATER,A5:WATER,A6:WATER,A7:SHIP,A8:SHIP,A9:SHIP,A10:WATER,B1:WATER,B2:WATER,B3:WATER,B4:WATER,B5:WATER,B6:WATER,B7:WATER,B8:WATER,B9:WATER,B10:WATER,C1:WATER,C2:WATER,C3:WATER,C4:WATER,C5:SHIP,C6:WATER,C7:WATER,C8:WATER,C9:WATER,C10:WATER,D1:WATER,D2:WATER,D3:WATER,D4:WATER,D5:WATER,D6:WATER,D7:WATER,D8:WATER,D9:WATER,D10:WATER,E1:WATER,E2:SHIP,E3:SHIP,E4:WATER,E5:WATER,E6:WATER,E7:WATER,E8:WATER,E9:WATER,E10:WATER,F1:WATER,F2:WATER,F3:WATER,F4:WATER,F5:WATER,F6:WATER,F7:WATER,F8:WATER,F9:WATER,F10:WATER,G1:SHIP,G2:SHIP,G3:SHIP,G4:WATER,G5:SHIP,G6:SHIP,G7:SHIP,G8:SHIP,G9:SHIP,G10:SHIP,H1:WATER,H2:SHIP,H3:SHIP,H4:SHIP,H5:SHIP,H6:SHIP,H7:SHIP,H8:WATER,H9:WATER,H10:SHIP,I1:WATER,I2:WATER,I3:WATER,I4:WATER,I5:WATER,I6:WATER,I7:WATER,I8:WATER,I9:WATER,I10:WATER,J1:WATER,J2:WATER,J3:WATER,J4:WATER,J5:WATER,J6:WATER,J7:WATER,J8:WATER,J9:WATER,J10:WATER;ONGOING;0

[INFO] 2025-04-19 17:51:49 sa Processing STATUS Turn: OPPONENT_TURN
[DEBUG] 2025-04-19 17:51:49 sa Starting display_game_state Player: sa
[DEBUG] 2025-04-19 17:51:49 sa Finished rendering boards and menu Player: sa
[DEBUG] 2025-04-19 17:51:49 sa Finished rendering boards and menu Player: sa
[DEBUG] 2025-04-19 17:51:49 sa Raw received ERROR|400,Opponent disconnected

[INFO] 2025-04-19 17:51:49 sa Received ERROR|400,Opponent disconnected

[ERROR] 2025-04-19 17:51:49 sa Received ERROR Opponent disconnected
[ERROR] 2025-04-19 17:51:49 sa Receive failed Server disconnected
[DEBUG] 2025-04-19 17:51:49 sa receive_loop terminated running_: false
