[INFO] 2025-04-19 13:07:20 sa Connected to server 127.0.0.1:8080
[DEBUG] 2025-04-19 13:07:20 sa Raw received PLAYER_ID|2

[INFO] 2025-04-19 13:07:20 sa Received PLAYER_ID|2

[INFO] 2025-04-19 13:07:20 sa Received PLAYER_ID Assigned ID: 2
[INFO] 2025-04-19 13:07:20 sa REGISTER|sa,sa
 Sent registration
[INFO] 2025-04-19 13:07:21 sa PLACE_SHIPS|PORTAAVIONES:E2,F2,G2,H2,I2;BUQUE:J2,J3,J4,J5;CRUCERO:F9,G9,H9;CRUCERO:E8,E9,E10;DESTRUCTOR:C3,D3;DESTRUCTOR:B2,B3;SUBMARINO:C2;SUBMARINO:H7;SUBMARINO:A6
 Sent ship placement
[DEBUG] 2025-04-19 13:07:22 sa Raw received STATUS|OPPONENT_TURN;A1:WATER,A2:WATER,A3:WATER,A4:WATER,A5:WATER,A6:SHIP,A7:WATER,A8:WATER,A9:WATER,A10:WATER,B1:WATER,B2:SHIP,B3:SHIP,B4:WATER,B5:WATER,B6:WATER,B7:WATER,B8:WATER,B9:WATER,B10:WATER,C1:WATER,C2:SHIP,C3:SHIP,C4:WATER,C5:WATER,C6:WATER,C7:WATER,C8:WATER,C9:WATER,C10:WATER,D1:WATER,D2:WATER,D3:SHIP,D4:WATER,D5:WATER,D6:WATER,D7:WATER,D8:WATER,D9:WATER,D10:WATER,E1:WATER,E2:SHIP,E3:WATER,E4:WATER,E5:WATER,E6:WATER,E7:WATER,E8:SHIP,E9:SHIP,E10:SHIP,F1:WATER,F2:SHIP,F3:WATER,F4:WATER,F5:WATER,F6:WATER,F7:WATER,F8:WATER,F9:SHIP,F10:WATER,G1:WATER,G2:SHIP,G3:WATER,G4:WATER,G5:WATER,G6:WATER,G7:WATER,G8:WATER,G9:SHIP,G10:WATER,H1:WATER,H2:SHIP,H3:WATER,H4:WATER,H5:WATER,H6:WATER,H7:SHIP,H8:WATER,H9:SHIP,H10:WATER,I1:WATER,I2:SHIP,I3:WATER,I4:WATER,I5:WATER,I6:WATER,I7:WATER,I8:WATER,I9:WATER,I10:WATER,J1:WATER,J2:SHIP,J3:SHIP,J4:SHIP,J5:SHIP,J6:WATER,J7:WATER,J8:WATER,J9:WATER,J10:WATER;A1:SHIP,A2:WATER,A3:WATER,A4:WATER,A5:WATER,A6:WATER,A7:WATER,A8:WATER,A9:WATER,A10:WATER,B1:SHIP,B2:WATER,B3:WATER,B4:WATER,B5:WATER,B6:WATER,B7:WATER,B8:WATER,B9:WATER,B10:WATER,C1:SHIP,C2:WATER,C3:WATER,C4:WATER,C5:WATER,C6:WATER,C7:WATER,C8:WATER,C9:WATER,C10:WATER,D1:SHIP,D2:WATER,D3:WATER,D4:WATER,D5:WATER,D6:WATER,D7:WATER,D8:WATER,D9:WATER,D10:WATER,E1:WATER,E2:WATER,E3:SHIP,E4:SHIP,E5:SHIP,E6:SHIP,E7:WATER,E8:WATER,E9:WATER,E10:WATER,F1:WATER,F2:WATER,F3:WATER,F4:WATER,F5:WATER,F6:WATER,F7:WATER,F8:WATER,F9:WATER,F10:WATER,G1:WATER,G2:WATER,G3:SHIP,G4:SHIP,G5:SHIP,G6:WATER,G7:WATER,G8:WATER,G9:WATER,G10:SHIP,H1:WATER,H2:WATER,H3:WATER,H4:WATER,H5:SHIP,H6:WATER,H7:WATER,H8:WATER,H9:WATER,H10:SHIP,I1:WATER,I2:WATER,I3:WATER,I4:WATER,I5:WATER,I6:WATER,I7:WATER,I8:SHIP,I9:SHIP,I10:WATER,J1:WATER,J2:WATER,J3:SHIP,J4:SHIP,J5:SHIP,J6:SHIP,J7:SHIP,J8:SHIP,J9:WATER,J10:WATER;ONGOING;0

[INFO] 2025-04-19 13:07:22 sa Received STATUS|OPPONENT_TURN;A1:WATER,A2:WATER,A3:WATER,A4:WATER,A5:WATER,A6:SHIP,A7:WATER,A8:WATER,A9:WATER,A10:WATER,B1:WATER,B2:SHIP,B3:SHIP,B4:WATER,B5:WATER,B6:WATER,B7:WATER,B8:WATER,B9:WATER,B10:WATER,C1:WATER,C2:SHIP,C3:SHIP,C4:WATER,C5:WATER,C6:WATER,C7:WATER,C8:WATER,C9:WATER,C10:WATER,D1:WATER,D2:WATER,D3:SHIP,D4:WATER,D5:WATER,D6:WATER,D7:WATER,D8:WATER,D9:WATER,D10:WATER,E1:WATER,E2:SHIP,E3:WATER,E4:WATER,E5:WATER,E6:WATER,E7:WATER,E8:SHIP,E9:SHIP,E10:SHIP,F1:WATER,F2:SHIP,F3:WATER,F4:WATER,F5:WATER,F6:WATER,F7:WATER,F8:WATER,F9:SHIP,F10:WATER,G1:WATER,G2:SHIP,G3:WATER,G4:WATER,G5:WATER,G6:WATER,G7:WATER,G8:WATER,G9:SHIP,G10:WATER,H1:WATER,H2:SHIP,H3:WATER,H4:WATER,H5:WATER,H6:WATER,H7:SHIP,H8:WATER,H9:SHIP,H10:WATER,I1:WATER,I2:SHIP,I3:WATER,I4:WATER,I5:WATER,I6:WATER,I7:WATER,I8:WATER,I9:WATER,I10:WATER,J1:WATER,J2:SHIP,J3:SHIP,J4:SHIP,J5:SHIP,J6:WATER,J7:WATER,J8:WATER,J9:WATER,J10:WATER;A1:SHIP,A2:WATER,A3:WATER,A4:WATER,A5:WATER,A6:WATER,A7:WATER,A8:WATER,A9:WATER,A10:WATER,B1:SHIP,B2:WATER,B3:WATER,B4:WATER,B5:WATER,B6:WATER,B7:WATER,B8:WATER,B9:WATER,B10:WATER,C1:SHIP,C2:WATER,C3:WATER,C4:WATER,C5:WATER,C6:WATER,C7:WATER,C8:WATER,C9:WATER,C10:WATER,D1:SHIP,D2:WATER,D3:WATER,D4:WATER,D5:WATER,D6:WATER,D7:WATER,D8:WATER,D9:WATER,D10:WATER,E1:WATER,E2:WATER,E3:SHIP,E4:SHIP,E5:SHIP,E6:SHIP,E7:WATER,E8:WATER,E9:WATER,E10:WATER,F1:WATER,F2:WATER,F3:WATER,F4:WATER,F5:WATER,F6:WATER,F7:WATER,F8:WATER,F9:WATER,F10:WATER,G1:WATER,G2:WATER,G3:SHIP,G4:SHIP,G5:SHIP,G6:WATER,G7:WATER,G8:WATER,G9:WATER,G10:SHIP,H1:WATER,H2:WATER,H3:WATER,H4:WATER,H5:SHIP,H6:WATER,H7:WATER,H8:WATER,H9:WATER,H10:SHIP,I1:WATER,I2:WATER,I3:WATER,I4:WATER,I5:WATER,I6:WATER,I7:WATER,I8:SHIP,I9:SHIP,I10:WATER,J1:WATER,J2:WATER,J3:SHIP,J4:SHIP,J5:SHIP,J6:SHIP,J7:SHIP,J8:SHIP,J9:WATER,J10:WATER;ONGOING;0

[INFO] 2025-04-19 13:07:22 sa Processing STATUS Turn: OPPONENT_TURN
[DEBUG] 2025-04-19 13:07:22 sa Starting display_game_state Player: sa
[DEBUG] 2025-04-19 13:07:22 sa Finished rendering boards and menu Player: sa
[DEBUG] 2025-04-19 13:07:24 sa Raw received GAME_OVER|YOU_WIN

[INFO] 2025-04-19 13:07:24 sa Received GAME_OVER|YOU_WIN

[INFO] 2025-04-19 13:07:24 sa Received GAME_OVER YOU_WIN
[ERROR] 2025-04-19 13:07:24 sa Receive failed Server disconnected
[DEBUG] 2025-04-19 13:07:24 sa receive_loop terminated running_: false
[INFO] 2025-04-19 13:08:46 S Connected to server 127.0.0.1:8080
[DEBUG] 2025-04-19 13:08:47 S Raw received PLAYER_ID|1

[INFO] 2025-04-19 13:08:47 S Received PLAYER_ID|1

[INFO] 2025-04-19 13:08:47 S Received PLAYER_ID Assigned ID: 1
[INFO] 2025-04-19 13:08:47 S REGISTER|S,S
 Sent registration
[INFO] 2025-04-19 13:08:48 S PLACE_SHIPS|PORTAAVIONES:F5,F6,F7,F8,F9;BUQUE:F1,G1,H1,I1;CRUCERO:B5,B6,B7;CRUCERO:H8,I8,J8;DESTRUCTOR:D7,D8;DESTRUCTOR:H6,H7;SUBMARINO:J9;SUBMARINO:E9;SUBMARINO:C1
 Sent ship placement
[DEBUG] 2025-04-19 13:08:48 S Raw received STATUS|YOUR_TURN;A1:WATER,A2:WATER,A3:WATER,A4:WATER,A5:WATER,A6:WATER,A7:WATER,A8:WATER,A9:WATER,A10:WATER,B1:WATER,B2:WATER,B3:WATER,B4:WATER,B5:SHIP,B6:SHIP,B7:SHIP,B8:WATER,B9:WATER,B10:WATER,C1:SHIP,C2:WATER,C3:WATER,C4:WATER,C5:WATER,C6:WATER,C7:WATER,C8:WATER,C9:WATER,C10:WATER,D1:WATER,D2:WATER,D3:WATER,D4:WATER,D5:WATER,D6:WATER,D7:SHIP,D8:SHIP,D9:WATER,D10:WATER,E1:WATER,E2:WATER,E3:WATER,E4:WATER,E5:WATER,E6:WATER,E7:WATER,E8:WATER,E9:SHIP,E10:WATER,F1:SHIP,F2:WATER,F3:WATER,F4:WATER,F5:SHIP,F6:SHIP,F7:SHIP,F8:SHIP,F9:SHIP,F10:WATER,G1:SHIP,G2:WATER,G3:WATER,G4:WATER,G5:WATER,G6:WATER,G7:WATER,G8:WATER,G9:WATER,G10:WATER,H1:SHIP,H2:WATER,H3:WATER,H4:WATER,H5:WATER,H6:SHIP,H7:SHIP,H8:SHIP,H9:WATER,H10:WATER,I1:SHIP,I2:WATER,I3:WATER,I4:WATER,I5:WATER,I6:WATER,I7:WATER,I8:SHIP,I9:WATER,I10:WATER,J1:WATER,J2:WATER,J3:WATER,J4:WATER,J5:WATER,J6:WATER,J7:WATER,J8:SHIP,J9:SHIP,J10:WATER;A1:WATER,A2:WATER,A3:WATER,A4:SHIP,A5:SHIP,A6:WATER,A7:SHIP,A8:WATER,A9:WATER,A10:SHIP,B1:WATER,B2:WATER,B3:WATER,B4:WATER,B5:WATER,B6:WATER,B7:WATER,B8:WATER,B9:WATER,B10:SHIP,C1:WATER,C2:WATER,C3:WATER,C4:WATER,C5:WATER,C6:WATER,C7:WATER,C8:WATER,C9:WATER,C10:WATER,D1:WATER,D2:WATER,D3:WATER,D4:WATER,D5:WATER,D6:WATER,D7:WATER,D8:WATER,D9:WATER,D10:WATER,E1:WATER,E2:WATER,E3:WATER,E4:WATER,E5:WATER,E6:WATER,E7:WATER,E8:WATER,E9:WATER,E10:WATER,F1:WATER,F2:WATER,F3:SHIP,F4:SHIP,F5:SHIP,F6:SHIP,F7:SHIP,F8:WATER,F9:WATER,F10:WATER,G1:SHIP,G2:SHIP,G3:SHIP,G4:WATER,G5:WATER,G6:SHIP,G7:WATER,G8:WATER,G9:WATER,G10:WATER,H1:SHIP,H2:SHIP,H3:SHIP,H4:SHIP,H5:WATER,H6:WATER,H7:WATER,H8:WATER,H9:WATER,H10:WATER,I1:WATER,I2:WATER,I3:WATER,I4:SHIP,I5:WATER,I6:WATER,I7:WATER,I8:WATER,I9:WATER,I10:WATER,J1:WATER,J2:WATER,J3:WATER,J4:WATER,J5:WATER,J6:WATER,J7:WATER,J8:SHIP,J9:SHIP,J10:SHIP;ONGOING;0

[INFO] 2025-04-19 13:08:48 S Received STATUS|YOUR_TURN;A1:WATER,A2:WATER,A3:WATER,A4:WATER,A5:WATER,A6:WATER,A7:WATER,A8:WATER,A9:WATER,A10:WATER,B1:WATER,B2:WATER,B3:WATER,B4:WATER,B5:SHIP,B6:SHIP,B7:SHIP,B8:WATER,B9:WATER,B10:WATER,C1:SHIP,C2:WATER,C3:WATER,C4:WATER,C5:WATER,C6:WATER,C7:WATER,C8:WATER,C9:WATER,C10:WATER,D1:WATER,D2:WATER,D3:WATER,D4:WATER,D5:WATER,D6:WATER,D7:SHIP,D8:SHIP,D9:WATER,D10:WATER,E1:WATER,E2:WATER,E3:WATER,E4:WATER,E5:WATER,E6:WATER,E7:WATER,E8:WATER,E9:SHIP,E10:WATER,F1:SHIP,F2:WATER,F3:WATER,F4:WATER,F5:SHIP,F6:SHIP,F7:SHIP,F8:SHIP,F9:SHIP,F10:WATER,G1:SHIP,G2:WATER,G3:WATER,G4:WATER,G5:WATER,G6:WATER,G7:WATER,G8:WATER,G9:WATER,G10:WATER,H1:SHIP,H2:WATER,H3:WATER,H4:WATER,H5:WATER,H6:SHIP,H7:SHIP,H8:SHIP,H9:WATER,H10:WATER,I1:SHIP,I2:WATER,I3:WATER,I4:WATER,I5:WATER,I6:WATER,I7:WATER,I8:SHIP,I9:WATER,I10:WATER,J1:WATER,J2:WATER,J3:WATER,J4:WATER,J5:WATER,J6:WATER,J7:WATER,J8:SHIP,J9:SHIP,J10:WATER;A1:WATER,A2:WATER,A3:WATER,A4:SHIP,A5:SHIP,A6:WATER,A7:SHIP,A8:WATER,A9:WATER,A10:SHIP,B1:WATER,B2:WATER,B3:WATER,B4:WATER,B5:WATER,B6:WATER,B7:WATER,B8:WATER,B9:WATER,B10:SHIP,C1:WATER,C2:WATER,C3:WATER,C4:WATER,C5:WATER,C6:WATER,C7:WATER,C8:WATER,C9:WATER,C10:WATER,D1:WATER,D2:WATER,D3:WATER,D4:WATER,D5:WATER,D6:WATER,D7:WATER,D8:WATER,D9:WATER,D10:WATER,E1:WATER,E2:WATER,E3:WATER,E4:WATER,E5:WATER,E6:WATER,E7:WATER,E8:WATER,E9:WATER,E10:WATER,F1:WATER,F2:WATER,F3:SHIP,F4:SHIP,F5:SHIP,F6:SHIP,F7:SHIP,F8:WATER,F9:WATER,F10:WATER,G1:SHIP,G2:SHIP,G3:SHIP,G4:WATER,G5:WATER,G6:SHIP,G7:WATER,G8:WATER,G9:WATER,G10:WATER,H1:SHIP,H2:SHIP,H3:SHIP,H4:SHIP,H5:WATER,H6:WATER,H7:WATER,H8:WATER,H9:WATER,H10:WATER,I1:WATER,I2:WATER,I3:WATER,I4:SHIP,I5:WATER,I6:WATER,I7:WATER,I8:WATER,I9:WATER,I10:WATER,J1:WATER,J2:WATER,J3:WATER,J4:WATER,J5:WATER,J6:WATER,J7:WATER,J8:SHIP,J9:SHIP,J10:SHIP;ONGOING;0

[INFO] 2025-04-19 13:08:48 S Processing STATUS Turn: YOUR_TURN
[DEBUG] 2025-04-19 13:08:48 S Starting display_game_state Player: S
[DEBUG] 2025-04-19 13:08:48 S Finished rendering boards and menu Player: S
[INFO] 2025-04-19 13:13:49 a Connected to server 127.0.0.1:8080
[DEBUG] 2025-04-19 13:13:49 a Raw received PLAYER_ID|2

[INFO] 2025-04-19 13:13:49 a Received PLAYER_ID|2

[INFO] 2025-04-19 13:13:49 a Received PLAYER_ID Assigned ID: 2
[INFO] 2025-04-19 13:13:49 a REGISTER|a,a
 Sent registration
[INFO] 2025-04-19 13:13:50 a PLACE_SHIPS|PORTAAVIONES:D5,D6,D7,D8,D9;BUQUE:H3,H4,H5,H6;CRUCERO:G2,G3,G4;CRUCERO:F7,F8,F9;DESTRUCTOR:C4,D4;DESTRUCTOR:F3,F4;SUBMARINO:G9;SUBMARINO:J10;SUBMARINO:C8
 Sent ship placement
[DEBUG] 2025-04-19 13:13:51 a Raw received STATUS|OPPONENT_TURN;A1:WATER,A2:WATER,A3:WATER,A4:WATER,A5:WATER,A6:WATER,A7:WATER,A8:WATER,A9:WATER,A10:WATER,B1:WATER,B2:WATER,B3:WATER,B4:WATER,B5:WATER,B6:WATER,B7:WATER,B8:WATER,B9:WATER,B10:WATER,C1:WATER,C2:WATER,C3:WATER,C4:SHIP,C5:WATER,C6:WATER,C7:WATER,C8:SHIP,C9:WATER,C10:WATER,D1:WATER,D2:WATER,D3:WATER,D4:SHIP,D5:SHIP,D6:SHIP,D7:SHIP,D8:SHIP,D9:SHIP,D10:WATER,E1:WATER,E2:WATER,E3:WATER,E4:WATER,E5:WATER,E6:WATER,E7:WATER,E8:WATER,E9:WATER,E10:WATER,F1:WATER,F2:WATER,F3:SHIP,F4:SHIP,F5:WATER,F6:WATER,F7:SHIP,F8:SHIP,F9:SHIP,F10:WATER,G1:WATER,G2:SHIP,G3:SHIP,G4:SHIP,G5:WATER,G6:WATER,G7:WATER,G8:WATER,G9:SHIP,G10:WATER,H1:WATER,H2:WATER,H3:SHIP,H4:SHIP,H5:SHIP,H6:SHIP,H7:WATER,H8:WATER,H9:WATER,H10:WATER,I1:WATER,I2:WATER,I3:WATER,I4:WATER,I5:WATER,I6:WATER,I7:WATER,I8:WATER,I9:WATER,I10:WATER,J1:WATER,J2:WATER,J3:WATER,J4:WATER,J5:WATER,J6:WATER,J7:WATER,J8:WATER,J9:WATER,J10:SHIP;A1:WATER,A2:WATER,A3:WATER,A4:WATER,A5:WATER,A6:WATER,A7:WATER,A8:WATER,A9:WATER,A10:WATER,B1:WATER,B2:WATER,B3:WATER,B4:WATER,B5:WATER,B6:WATER,B7:WATER,B8:WATER,B9:WATER,B10:WATER,C1:WATER,C2:WATER,C3:WATER,C4:WATER,C5:WATER,C6:WATER,C7:WATER,C8:WATER,C9:WATER,C10:WATER,D1:WATER,D2:WATER,D3:SHIP,D4:SHIP,D5:SHIP,D6:SHIP,D7:SHIP,D8:SHIP,D9:WATER,D10:WATER,E1:WATER,E2:WATER,E3:SHIP,E4:WATER,E5:WATER,E6:WATER,E7:SHIP,E8:SHIP,E9:SHIP,E10:SHIP,F1:WATER,F2:WATER,F3:SHIP,F4:WATER,F5:SHIP,F6:SHIP,F7:SHIP,F8:WATER,F9:WATER,F10:WATER,G1:WATER,G2:WATER,G3:WATER,G4:WATER,G5:WATER,G6:SHIP,G7:SHIP,G8:WATER,G9:WATER,G10:WATER,H1:WATER,H2:WATER,H3:WATER,H4:WATER,H5:WATER,H6:WATER,H7:SHIP,H8:WATER,H9:WATER,H10:WATER,I1:WATER,I2:WATER,I3:WATER,I4:WATER,I5:WATER,I6:WATER,I7:SHIP,I8:WATER,I9:WATER,I10:SHIP,J1:WATER,J2:WATER,J3:WATER,J4:WATER,J5:SHIP,J6:WATER,J7:SHIP,J8:WATER,J9:WATER,J10:WATER;ONGOING;0

[INFO] 2025-04-19 13:13:51 a Received STATUS|OPPONENT_TURN;A1:WATER,A2:WATER,A3:WATER,A4:WATER,A5:WATER,A6:WATER,A7:WATER,A8:WATER,A9:WATER,A10:WATER,B1:WATER,B2:WATER,B3:WATER,B4:WATER,B5:WATER,B6:WATER,B7:WATER,B8:WATER,B9:WATER,B10:WATER,C1:WATER,C2:WATER,C3:WATER,C4:SHIP,C5:WATER,C6:WATER,C7:WATER,C8:SHIP,C9:WATER,C10:WATER,D1:WATER,D2:WATER,D3:WATER,D4:SHIP,D5:SHIP,D6:SHIP,D7:SHIP,D8:SHIP,D9:SHIP,D10:WATER,E1:WATER,E2:WATER,E3:WATER,E4:WATER,E5:WATER,E6:WATER,E7:WATER,E8:WATER,E9:WATER,E10:WATER,F1:WATER,F2:WATER,F3:SHIP,F4:SHIP,F5:WATER,F6:WATER,F7:SHIP,F8:SHIP,F9:SHIP,F10:WATER,G1:WATER,G2:SHIP,G3:SHIP,G4:SHIP,G5:WATER,G6:WATER,G7:WATER,G8:WATER,G9:SHIP,G10:WATER,H1:WATER,H2:WATER,H3:SHIP,H4:SHIP,H5:SHIP,H6:SHIP,H7:WATER,H8:WATER,H9:WATER,H10:WATER,I1:WATER,I2:WATER,I3:WATER,I4:WATER,I5:WATER,I6:WATER,I7:WATER,I8:WATER,I9:WATER,I10:WATER,J1:WATER,J2:WATER,J3:WATER,J4:WATER,J5:WATER,J6:WATER,J7:WATER,J8:WATER,J9:WATER,J10:SHIP;A1:WATER,A2:WATER,A3:WATER,A4:WATER,A5:WATER,A6:WATER,A7:WATER,A8:WATER,A9:WATER,A10:WATER,B1:WATER,B2:WATER,B3:WATER,B4:WATER,B5:WATER,B6:WATER,B7:WATER,B8:WATER,B9:WATER,B10:WATER,C1:WATER,C2:WATER,C3:WATER,C4:WATER,C5:WATER,C6:WATER,C7:WATER,C8:WATER,C9:WATER,C10:WATER,D1:WATER,D2:WATER,D3:SHIP,D4:SHIP,D5:SHIP,D6:SHIP,D7:SHIP,D8:SHIP,D9:WATER,D10:WATER,E1:WATER,E2:WATER,E3:SHIP,E4:WATER,E5:WATER,E6:WATER,E7:SHIP,E8:SHIP,E9:SHIP,E10:SHIP,F1:WATER,F2:WATER,F3:SHIP,F4:WATER,F5:SHIP,F6:SHIP,F7:SHIP,F8:WATER,F9:WATER,F10:WATER,G1:WATER,G2:WATER,G3:WATER,G4:WATER,G5:WATER,G6:SHIP,G7:SHIP,G8:WATER,G9:WATER,G10:WATER,H1:WATER,H2:WATER,H3:WATER,H4:WATER,H5:WATER,H6:WATER,H7:SHIP,H8:WATER,H9:WATER,H10:WATER,I1:WATER,I2:WATER,I3:WATER,I4:WATER,I5:WATER,I6:WATER,I7:SHIP,I8:WATER,I9:WATER,I10:SHIP,J1:WATER,J2:WATER,J3:WATER,J4:WATER,J5:SHIP,J6:WATER,J7:SHIP,J8:WATER,J9:WATER,J10:WATER;ONGOING;0

[INFO] 2025-04-19 13:13:51 a Processing STATUS Turn: OPPONENT_TURN
[DEBUG] 2025-04-19 13:13:51 a Starting display_game_state Player: a
[DEBUG] 2025-04-19 13:13:51 a Finished rendering boards and menu Player: a
[DEBUG] 2025-04-19 13:13:53 a Raw received GAME_OVER|YOU_WIN

[INFO] 2025-04-19 13:13:53 a Received GAME_OVER|YOU_WIN

[INFO] 2025-04-19 13:13:53 a Received GAME_OVER YOU_WIN
[ERROR] 2025-04-19 13:13:53 a Receive failed Server disconnected
[DEBUG] 2025-04-19 13:13:53 a receive_loop terminated running_: false
[INFO] 2025-04-19 13:14:05 a Connected to server 127.0.0.1:8080
[DEBUG] 2025-04-19 13:14:05 a Raw received PLAYER_ID|2

[INFO] 2025-04-19 13:14:05 a Received PLAYER_ID|2

[INFO] 2025-04-19 13:14:05 a Received PLAYER_ID Assigned ID: 2
[INFO] 2025-04-19 13:14:05 a REGISTER|a,a
 Sent registration
[INFO] 2025-04-19 13:14:06 a PLACE_SHIPS|PORTAAVIONES:C6,C7,C8,C9,C10;BUQUE:D7,E7,F7,G7;CRUCERO:B4,C4,D4;CRUCERO:G10,H10,I10;DESTRUCTOR:H3,I3;DESTRUCTOR:D8,D9;SUBMARINO:E9;SUBMARINO:J4;SUBMARINO:A9
 Sent ship placement
[DEBUG] 2025-04-19 13:14:07 a Raw received STATUS|OPPONENT_TURN;A1:WATER,A2:WATER,A3:WATER,A4:WATER,A5:WATER,A6:WATER,A7:WATER,A8:WATER,A9:SHIP,A10:WATER,B1:WATER,B2:WATER,B3:WATER,B4:SHIP,B5:WATER,B6:WATER,B7:WATER,B8:WATER,B9:WATER,B10:WATER,C1:WATER,C2:WATER,C3:WATER,C4:SHIP,C5:WATER,C6:SHIP,C7:SHIP,C8:SHIP,C9:SHIP,C10:SHIP,D1:WATER,D2:WATER,D3:WATER,D4:SHIP,D5:WATER,D6:WATER,D7:SHIP,D8:SHIP,D9:SHIP,D10:WATER,E1:WATER,E2:WATER,E3:WATER,E4:WATER,E5:WATER,E6:WATER,E7:SHIP,E8:WATER,E9:SHIP,E10:WATER,F1:WATER,F2:WATER,F3:WATER,F4:WATER,F5:WATER,F6:WATER,F7:SHIP,F8:WATER,F9:WATER,F10:WATER,G1:WATER,G2:WATER,G3:WATER,G4:WATER,G5:WATER,G6:WATER,G7:SHIP,G8:WATER,G9:WATER,G10:SHIP,H1:WATER,H2:WATER,H3:SHIP,H4:WATER,H5:WATER,H6:WATER,H7:WATER,H8:WATER,H9:WATER,H10:SHIP,I1:WATER,I2:WATER,I3:SHIP,I4:WATER,I5:WATER,I6:WATER,I7:WATER,I8:WATER,I9:WATER,I10:SHIP,J1:WATER,J2:WATER,J3:WATER,J4:SHIP,J5:WATER,J6:WATER,J7:WATER,J8:WATER,J9:WATER,J10:WATER;A1:WATER,A2:WATER,A3:WATER,A4:WATER,A5:WATER,A6:WATER,A7:WATER,A8:WATER,A9:WATER,A10:WATER,B1:WATER,B2:SHIP,B3:WATER,B4:SHIP,B5:WATER,B6:WATER,B7:WATER,B8:WATER,B9:WATER,B10:WATER,C1:WATER,C2:SHIP,C3:WATER,C4:SHIP,C5:SHIP,C6:SHIP,C7:SHIP,C8:WATER,C9:WATER,C10:WATER,D1:WATER,D2:SHIP,D3:SHIP,D4:WATER,D5:WATER,D6:WATER,D7:WATER,D8:WATER,D9:WATER,D10:WATER,E1:WATER,E2:SHIP,E3:SHIP,E4:WATER,E5:WATER,E6:WATER,E7:WATER,E8:WATER,E9:WATER,E10:WATER,F1:WATER,F2:SHIP,F3:SHIP,F4:WATER,F5:WATER,F6:WATER,F7:WATER,F8:WATER,F9:WATER,F10:WATER,G1:WATER,G2:SHIP,G3:SHIP,G4:WATER,G5:WATER,G6:WATER,G7:SHIP,G8:SHIP,G9:SHIP,G10:SHIP,H1:WATER,H2:WATER,H3:WATER,H4:WATER,H5:WATER,H6:WATER,H7:WATER,H8:WATER,H9:WATER,H10:WATER,I1:WATER,I2:SHIP,I3:WATER,I4:WATER,I5:WATER,I6:WATER,I7:WATER,I8:WATER,I9:WATER,I10:WATER,J1:WATER,J2:SHIP,J3:SHIP,J4:WATER,J5:WATER,J6:WATER,J7:WATER,J8:WATER,J9:WATER,J10:WATER;ONGOING;0

[INFO] 2025-04-19 13:14:07 a Received STATUS|OPPONENT_TURN;A1:WATER,A2:WATER,A3:WATER,A4:WATER,A5:WATER,A6:WATER,A7:WATER,A8:WATER,A9:SHIP,A10:WATER,B1:WATER,B2:WATER,B3:WATER,B4:SHIP,B5:WATER,B6:WATER,B7:WATER,B8:WATER,B9:WATER,B10:WATER,C1:WATER,C2:WATER,C3:WATER,C4:SHIP,C5:WATER,C6:SHIP,C7:SHIP,C8:SHIP,C9:SHIP,C10:SHIP,D1:WATER,D2:WATER,D3:WATER,D4:SHIP,D5:WATER,D6:WATER,D7:SHIP,D8:SHIP,D9:SHIP,D10:WATER,E1:WATER,E2:WATER,E3:WATER,E4:WATER,E5:WATER,E6:WATER,E7:SHIP,E8:WATER,E9:SHIP,E10:WATER,F1:WATER,F2:WATER,F3:WATER,F4:WATER,F5:WATER,F6:WATER,F7:SHIP,F8:WATER,F9:WATER,F10:WATER,G1:WATER,G2:WATER,G3:WATER,G4:WATER,G5:WATER,G6:WATER,G7:SHIP,G8:WATER,G9:WATER,G10:SHIP,H1:WATER,H2:WATER,H3:SHIP,H4:WATER,H5:WATER,H6:WATER,H7:WATER,H8:WATER,H9:WATER,H10:SHIP,I1:WATER,I2:WATER,I3:SHIP,I4:WATER,I5:WATER,I6:WATER,I7:WATER,I8:WATER,I9:WATER,I10:SHIP,J1:WATER,J2:WATER,J3:WATER,J4:SHIP,J5:WATER,J6:WATER,J7:WATER,J8:WATER,J9:WATER,J10:WATER;A1:WATER,A2:WATER,A3:WATER,A4:WATER,A5:WATER,A6:WATER,A7:WATER,A8:WATER,A9:WATER,A10:WATER,B1:WATER,B2:SHIP,B3:WATER,B4:SHIP,B5:WATER,B6:WATER,B7:WATER,B8:WATER,B9:WATER,B10:WATER,C1:WATER,C2:SHIP,C3:WATER,C4:SHIP,C5:SHIP,C6:SHIP,C7:SHIP,C8:WATER,C9:WATER,C10:WATER,D1:WATER,D2:SHIP,D3:SHIP,D4:WATER,D5:WATER,D6:WATER,D7:WATER,D8:WATER,D9:WATER,D10:WATER,E1:WATER,E2:SHIP,E3:SHIP,E4:WATER,E5:WATER,E6:WATER,E7:WATER,E8:WATER,E9:WATER,E10:WATER,F1:WATER,F2:SHIP,F3:SHIP,F4:WATER,F5:WATER,F6:WATER,F7:WATER,F8:WATER,F9:WATER,F10:WATER,G1:WATER,G2:SHIP,G3:SHIP,G4:WATER,G5:WATER,G6:WATER,G7:SHIP,G8:SHIP,G9:SHIP,G10:SHIP,H1:WATER,H2:WATER,H3:WATER,H4:WATER,H5:WATER,H6:WATER,H7:WATER,H8:WATER,H9:WATER,H10:WATER,I1:WATER,I2:SHIP,I3:WATER,I4:WATER,I5:WATER,I6:WATER,I7:WATER,I8:WATER,I9:WATER,I10:WATER,J1:WATER,J2:SHIP,J3:SHIP,J4:WATER,J5:WATER,J6:WATER,J7:WATER,J8:WATER,J9:WATER,J10:WATER;ONGOING;0

[INFO] 2025-04-19 13:14:07 a Processing STATUS Turn: OPPONENT_TURN
[DEBUG] 2025-04-19 13:14:07 a Starting display_game_state Player: a
[DEBUG] 2025-04-19 13:14:07 a Finished rendering boards and menu Player: a
[DEBUG] 2025-04-19 13:14:13 a Raw received ERROR|400,Opponent disconnected

[INFO] 2025-04-19 13:14:13 a Received ERROR|400,Opponent disconnected

[ERROR] 2025-04-19 13:14:13 a Received ERROR Opponent disconnected
[ERROR] 2025-04-19 13:14:13 a Receive failed Server disconnected
[DEBUG] 2025-04-19 13:14:13 a receive_loop terminated running_: false
[INFO] 2025-04-19 13:15:31 sofi Connected to server 127.0.0.1:8080
[DEBUG] 2025-04-19 13:15:31 sofi Raw received PLAYER_ID|2

[INFO] 2025-04-19 13:15:31 sofi Received PLAYER_ID|2

[INFO] 2025-04-19 13:15:31 sofi Received PLAYER_ID Assigned ID: 2
[INFO] 2025-04-19 13:15:31 sofi REGISTER|sofi,sofi
 Sent registration
[INFO] 2025-04-19 13:15:32 sofi PLACE_SHIPS|PORTAAVIONES:C7,D7,E7,F7,G7;BUQUE:A5,A6,A7,A8;CRUCERO:G8,H8,I8;CRUCERO:B7,B8,B9;DESTRUCTOR:H1,H2;DESTRUCTOR:G4,H4;SUBMARINO:H5;SUBMARINO:F10;SUBMARINO:F8
 Sent ship placement
[DEBUG] 2025-04-19 13:15:33 sofi Raw received STATUS|OPPONENT_TURN;A1:WATER,A2:WATER,A3:WATER,A4:WATER,A5:SHIP,A6:SHIP,A7:SHIP,A8:SHIP,A9:WATER,A10:WATER,B1:WATER,B2:WATER,B3:WATER,B4:WATER,B5:WATER,B6:WATER,B7:SHIP,B8:SHIP,B9:SHIP,B10:WATER,C1:WATER,C2:WATER,C3:WATER,C4:WATER,C5:WATER,C6:WATER,C7:SHIP,C8:WATER,C9:WATER,C10:WATER,D1:WATER,D2:WATER,D3:WATER,D4:WATER,D5:WATER,D6:WATER,D7:SHIP,D8:WATER,D9:WATER,D10:WATER,E1:WATER,E2:WATER,E3:WATER,E4:WATER,E5:WATER,E6:WATER,E7:SHIP,E8:WATER,E9:WATER,E10:WATER,F1:WATER,F2:WATER,F3:WATER,F4:WATER,F5:WATER,F6:WATER,F7:SHIP,F8:SHIP,F9:WATER,F10:SHIP,G1:WATER,G2:WATER,G3:WATER,G4:SHIP,G5:WATER,G6:WATER,G7:SHIP,G8:SHIP,G9:WATER,G10:WATER,H1:SHIP,H2:SHIP,H3:WATER,H4:SHIP,H5:SHIP,H6:WATER,H7:WATER,H8:SHIP,H9:WATER,H10:WATER,I1:WATER,I2:WATER,I3:WATER,I4:WATER,I5:WATER,I6:WATER,I7:WATER,I8:SHIP,I9:WATER,I10:WATER,J1:WATER,J2:WATER,J3:WATER,J4:WATER,J5:WATER,J6:WATER,J7:WATER,J8:WATER,J9:WATER,J10:WATER;A1:SHIP,A2:SHIP,A3:SHIP,A4:WATER,A5:WATER,A6:SHIP,A7:WATER,A8:WATER,A9:WATER,A10:WATER,B1:WATER,B2:WATER,B3:WATER,B4:WATER,B5:WATER,B6:WATER,B7:WATER,B8:WATER,B9:WATER,B10:WATER,C1:WATER,C2:WATER,C3:WATER,C4:WATER,C5:WATER,C6:WATER,C7:WATER,C8:SHIP,C9:WATER,C10:WATER,D1:WATER,D2:WATER,D3:WATER,D4:WATER,D5:WATER,D6:WATER,D7:WATER,D8:SHIP,D9:WATER,D10:WATER,E1:WATER,E2:WATER,E3:WATER,E4:WATER,E5:WATER,E6:SHIP,E7:SHIP,E8:SHIP,E9:SHIP,E10:SHIP,F1:WATER,F2:WATER,F3:SHIP,F4:SHIP,F5:SHIP,F6:SHIP,F7:WATER,F8:SHIP,F9:SHIP,F10:WATER,G1:WATER,G2:WATER,G3:WATER,G4:WATER,G5:WATER,G6:WATER,G7:SHIP,G8:WATER,G9:WATER,G10:WATER,H1:WATER,H2:WATER,H3:SHIP,H4:WATER,H5:WATER,H6:WATER,H7:SHIP,H8:WATER,H9:WATER,H10:WATER,I1:WATER,I2:WATER,I3:SHIP,I4:WATER,I5:WATER,I6:WATER,I7:WATER,I8:WATER,I9:WATER,I10:WATER,J1:WATER,J2:WATER,J3:SHIP,J4:WATER,J5:WATER,J6:WATER,J7:WATER,J8:WATER,J9:WATER,J10:WATER;ONGOING;0

[INFO] 2025-04-19 13:15:33 sofi Received STATUS|OPPONENT_TURN;A1:WATER,A2:WATER,A3:WATER,A4:WATER,A5:SHIP,A6:SHIP,A7:SHIP,A8:SHIP,A9:WATER,A10:WATER,B1:WATER,B2:WATER,B3:WATER,B4:WATER,B5:WATER,B6:WATER,B7:SHIP,B8:SHIP,B9:SHIP,B10:WATER,C1:WATER,C2:WATER,C3:WATER,C4:WATER,C5:WATER,C6:WATER,C7:SHIP,C8:WATER,C9:WATER,C10:WATER,D1:WATER,D2:WATER,D3:WATER,D4:WATER,D5:WATER,D6:WATER,D7:SHIP,D8:WATER,D9:WATER,D10:WATER,E1:WATER,E2:WATER,E3:WATER,E4:WATER,E5:WATER,E6:WATER,E7:SHIP,E8:WATER,E9:WATER,E10:WATER,F1:WATER,F2:WATER,F3:WATER,F4:WATER,F5:WATER,F6:WATER,F7:SHIP,F8:SHIP,F9:WATER,F10:SHIP,G1:WATER,G2:WATER,G3:WATER,G4:SHIP,G5:WATER,G6:WATER,G7:SHIP,G8:SHIP,G9:WATER,G10:WATER,H1:SHIP,H2:SHIP,H3:WATER,H4:SHIP,H5:SHIP,H6:WATER,H7:WATER,H8:SHIP,H9:WATER,H10:WATER,I1:WATER,I2:WATER,I3:WATER,I4:WATER,I5:WATER,I6:WATER,I7:WATER,I8:SHIP,I9:WATER,I10:WATER,J1:WATER,J2:WATER,J3:WATER,J4:WATER,J5:WATER,J6:WATER,J7:WATER,J8:WATER,J9:WATER,J10:WATER;A1:SHIP,A2:SHIP,A3:SHIP,A4:WATER,A5:WATER,A6:SHIP,A7:WATER,A8:WATER,A9:WATER,A10:WATER,B1:WATER,B2:WATER,B3:WATER,B4:WATER,B5:WATER,B6:WATER,B7:WATER,B8:WATER,B9:WATER,B10:WATER,C1:WATER,C2:WATER,C3:WATER,C4:WATER,C5:WATER,C6:WATER,C7:WATER,C8:SHIP,C9:WATER,C10:WATER,D1:WATER,D2:WATER,D3:WATER,D4:WATER,D5:WATER,D6:WATER,D7:WATER,D8:SHIP,D9:WATER,D10:WATER,E1:WATER,E2:WATER,E3:WATER,E4:WATER,E5:WATER,E6:SHIP,E7:SHIP,E8:SHIP,E9:SHIP,E10:SHIP,F1:WATER,F2:WATER,F3:SHIP,F4:SHIP,F5:SHIP,F6:SHIP,F7:WATER,F8:SHIP,F9:SHIP,F10:WATER,G1:WATER,G2:WATER,G3:WATER,G4:WATER,G5:WATER,G6:WATER,G7:SHIP,G8:WATER,G9:WATER,G10:WATER,H1:WATER,H2:WATER,H3:SHIP,H4:WATER,H5:WATER,H6:WATER,H7:SHIP,H8:WATER,H9:WATER,H10:WATER,I1:WATER,I2:WATER,I3:SHIP,I4:WATER,I5:WATER,I6:WATER,I7:WATER,I8:WATER,I9:WATER,I10:WATER,J1:WATER,J2:WATER,J3:SHIP,J4:WATER,J5:WATER,J6:WATER,J7:WATER,J8:WATER,J9:WATER,J10:WATER;ONGOING;0

[INFO] 2025-04-19 13:15:33 sofi Processing STATUS Turn: OPPONENT_TURN
[DEBUG] 2025-04-19 13:15:33 sofi Starting display_game_state Player: sofi
[DEBUG] 2025-04-19 13:15:33 sofi Finished rendering boards and menu Player: sofi
[INFO] 2025-04-19 13:15:53 sa Connected to server 127.0.0.1:8080
[DEBUG] 2025-04-19 13:15:53 sa Raw received PLAYER_ID|2

[INFO] 2025-04-19 13:15:53 sa Received PLAYER_ID|2

[INFO] 2025-04-19 13:15:53 sa Received PLAYER_ID Assigned ID: 2
[INFO] 2025-04-19 13:15:53 sa REGISTER|sa,sa
 Sent registration
[INFO] 2025-04-19 13:15:54 sa PLACE_SHIPS|PORTAAVIONES:F9,G9,H9,I9,J9;BUQUE:D4,E4,F4,G4;CRUCERO:J5,J6,J7;CRUCERO:E10,F10,G10;DESTRUCTOR:H8,I8;DESTRUCTOR:B10,C10;SUBMARINO:H7;SUBMARINO:E6;SUBMARINO:F8
 Sent ship placement
[DEBUG] 2025-04-19 13:15:55 sa Raw received STATUS|OPPONENT_TURN;A1:WATER,A2:WATER,A3:WATER,A4:WATER,A5:WATER,A6:WATER,A7:WATER,A8:WATER,A9:WATER,A10:WATER,B1:WATER,B2:WATER,B3:WATER,B4:WATER,B5:WATER,B6:WATER,B7:WATER,B8:WATER,B9:WATER,B10:SHIP,C1:WATER,C2:WATER,C3:WATER,C4:WATER,C5:WATER,C6:WATER,C7:WATER,C8:WATER,C9:WATER,C10:SHIP,D1:WATER,D2:WATER,D3:WATER,D4:SHIP,D5:WATER,D6:WATER,D7:WATER,D8:WATER,D9:WATER,D10:WATER,E1:WATER,E2:WATER,E3:WATER,E4:SHIP,E5:WATER,E6:SHIP,E7:WATER,E8:WATER,E9:WATER,E10:SHIP,F1:WATER,F2:WATER,F3:WATER,F4:SHIP,F5:WATER,F6:WATER,F7:WATER,F8:SHIP,F9:SHIP,F10:SHIP,G1:WATER,G2:WATER,G3:WATER,G4:SHIP,G5:WATER,G6:WATER,G7:WATER,G8:WATER,G9:SHIP,G10:SHIP,H1:WATER,H2:WATER,H3:WATER,H4:WATER,H5:WATER,H6:WATER,H7:SHIP,H8:SHIP,H9:SHIP,H10:WATER,I1:WATER,I2:WATER,I3:WATER,I4:WATER,I5:WATER,I6:WATER,I7:WATER,I8:SHIP,I9:SHIP,I10:WATER,J1:WATER,J2:WATER,J3:WATER,J4:WATER,J5:SHIP,J6:SHIP,J7:SHIP,J8:WATER,J9:SHIP,J10:WATER;A1:WATER,A2:WATER,A3:WATER,A4:WATER,A5:WATER,A6:WATER,A7:WATER,A8:WATER,A9:WATER,A10:WATER,B1:WATER,B2:WATER,B3:WATER,B4:SHIP,B5:WATER,B6:WATER,B7:WATER,B8:SHIP,B9:WATER,B10:WATER,C1:WATER,C2:WATER,C3:WATER,C4:SHIP,C5:WATER,C6:WATER,C7:WATER,C8:SHIP,C9:WATER,C10:WATER,D1:WATER,D2:WATER,D3:WATER,D4:SHIP,D5:WATER,D6:WATER,D7:WATER,D8:SHIP,D9:WATER,D10:WATER,E1:WATER,E2:WATER,E3:WATER,E4:SHIP,E5:WATER,E6:WATER,E7:WATER,E8:WATER,E9:WATER,E10:SHIP,F1:SHIP,F2:SHIP,F3:WATER,F4:WATER,F5:WATER,F6:WATER,F7:WATER,F8:WATER,F9:WATER,F10:WATER,G1:WATER,G2:WATER,G3:WATER,G4:SHIP,G5:WATER,G6:WATER,G7:WATER,G8:WATER,G9:WATER,G10:WATER,H1:WATER,H2:WATER,H3:WATER,H4:SHIP,H5:WATER,H6:WATER,H7:WATER,H8:WATER,H9:WATER,H10:WATER,I1:SHIP,I2:SHIP,I3:SHIP,I4:SHIP,I5:SHIP,I6:WATER,I7:WATER,I8:SHIP,I9:SHIP,I10:SHIP,J1:WATER,J2:WATER,J3:WATER,J4:WATER,J5:WATER,J6:WATER,J7:WATER,J8:SHIP,J9:SHIP,J10:WATER;ONGOING;0

[INFO] 2025-04-19 13:15:55 sa Received STATUS|OPPONENT_TURN;A1:WATER,A2:WATER,A3:WATER,A4:WATER,A5:WATER,A6:WATER,A7:WATER,A8:WATER,A9:WATER,A10:WATER,B1:WATER,B2:WATER,B3:WATER,B4:WATER,B5:WATER,B6:WATER,B7:WATER,B8:WATER,B9:WATER,B10:SHIP,C1:WATER,C2:WATER,C3:WATER,C4:WATER,C5:WATER,C6:WATER,C7:WATER,C8:WATER,C9:WATER,C10:SHIP,D1:WATER,D2:WATER,D3:WATER,D4:SHIP,D5:WATER,D6:WATER,D7:WATER,D8:WATER,D9:WATER,D10:WATER,E1:WATER,E2:WATER,E3:WATER,E4:SHIP,E5:WATER,E6:SHIP,E7:WATER,E8:WATER,E9:WATER,E10:SHIP,F1:WATER,F2:WATER,F3:WATER,F4:SHIP,F5:WATER,F6:WATER,F7:WATER,F8:SHIP,F9:SHIP,F10:SHIP,G1:WATER,G2:WATER,G3:WATER,G4:SHIP,G5:WATER,G6:WATER,G7:WATER,G8:WATER,G9:SHIP,G10:SHIP,H1:WATER,H2:WATER,H3:WATER,H4:WATER,H5:WATER,H6:WATER,H7:SHIP,H8:SHIP,H9:SHIP,H10:WATER,I1:WATER,I2:WATER,I3:WATER,I4:WATER,I5:WATER,I6:WATER,I7:WATER,I8:SHIP,I9:SHIP,I10:WATER,J1:WATER,J2:WATER,J3:WATER,J4:WATER,J5:SHIP,J6:SHIP,J7:SHIP,J8:WATER,J9:SHIP,J10:WATER;A1:WATER,A2:WATER,A3:WATER,A4:WATER,A5:WATER,A6:WATER,A7:WATER,A8:WATER,A9:WATER,A10:WATER,B1:WATER,B2:WATER,B3:WATER,B4:SHIP,B5:WATER,B6:WATER,B7:WATER,B8:SHIP,B9:WATER,B10:WATER,C1:WATER,C2:WATER,C3:WATER,C4:SHIP,C5:WATER,C6:WATER,C7:WATER,C8:SHIP,C9:WATER,C10:WATER,D1:WATER,D2:WATER,D3:WATER,D4:SHIP,D5:WATER,D6:WATER,D7:WATER,D8:SHIP,D9:WATER,D10:WATER,E1:WATER,E2:WATER,E3:WATER,E4:SHIP,E5:WATER,E6:WATER,E7:WATER,E8:WATER,E9:WATER,E10:SHIP,F1:SHIP,F2:SHIP,F3:WATER,F4:WATER,F5:WATER,F6:WATER,F7:WATER,F8:WATER,F9:WATER,F10:WATER,G1:WATER,G2:WATER,G3:WATER,G4:SHIP,G5:WATER,G6:WATER,G7:WATER,G8:WATER,G9:WATER,G10:WATER,H1:WATER,H2:WATER,H3:WATER,H4:SHIP,H5:WATER,H6:WATER,H7:WATER,H8:WATER,H9:WATER,H10:WATER,I1:SHIP,I2:SHIP,I3:SHIP,I4:SHIP,I5:SHIP,I6:WATER,I7:WATER,I8:SHIP,I9:SHIP,I10:SHIP,J1:WATER,J2:WATER,J3:WATER,J4:WATER,J5:WATER,J6:WATER,J7:WATER,J8:SHIP,J9:SHIP,J10:WATER;ONGOING;0

[INFO] 2025-04-19 13:15:55 sa Processing STATUS Turn: OPPONENT_TURN
[DEBUG] 2025-04-19 13:15:55 sa Starting display_game_state Player: sa
[DEBUG] 2025-04-19 13:15:55 sa Finished rendering boards and menu Player: sa
[DEBUG] 2025-04-19 13:15:56 sa Raw received ERROR|400,Opponent disconnected

[INFO] 2025-04-19 13:15:56 sa Received ERROR|400,Opponent disconnected

[ERROR] 2025-04-19 13:15:56 sa Received ERROR Opponent disconnected
[ERROR] 2025-04-19 13:15:56 sa Receive failed Server disconnected
[DEBUG] 2025-04-19 13:15:56 sa receive_loop terminated running_: false
[INFO] 2025-04-19 13:18:50 sa Connected to server 127.0.0.1:8080
[DEBUG] 2025-04-19 13:18:50 sa Raw received PLAYER_ID|2

[INFO] 2025-04-19 13:18:50 sa Received PLAYER_ID|2

[INFO] 2025-04-19 13:18:50 sa Received PLAYER_ID Assigned ID: 2
[INFO] 2025-04-19 13:18:50 sa REGISTER|sa,sa
 Sent registration
[INFO] 2025-04-19 13:18:51 sa PLACE_SHIPS|PORTAAVIONES:A1,A2,A3,A4,A5;BUQUE:D1,D2,D3,D4;CRUCERO:D10,E10,F10;CRUCERO:C2,C3,C4;DESTRUCTOR:H9,H10;DESTRUCTOR:I5,J5;SUBMARINO:F1;SUBMARINO:F5;SUBMARINO:F4
 Sent ship placement
[DEBUG] 2025-04-19 13:18:51 sa Raw received STATUS|OPPONENT_TURN;A1:SHIP,A2:SHIP,A3:SHIP,A4:SHIP,A5:SHIP,A6:WATER,A7:WATER,A8:WATER,A9:WATER,A10:WATER,B1:WATER,B2:WATER,B3:WATER,B4:WATER,B5:WATER,B6:WATER,B7:WATER,B8:WATER,B9:WATER,B10:WATER,C1:WATER,C2:SHIP,C3:SHIP,C4:SHIP,C5:WATER,C6:WATER,C7:WATER,C8:WATER,C9:WATER,C10:WATER,D1:SHIP,D2:SHIP,D3:SHIP,D4:SHIP,D5:WATER,D6:WATER,D7:WATER,D8:WATER,D9:WATER,D10:SHIP,E1:WATER,E2:WATER,E3:WATER,E4:WATER,E5:WATER,E6:WATER,E7:WATER,E8:WATER,E9:WATER,E10:SHIP,F1:SHIP,F2:WATER,F3:WATER,F4:SHIP,F5:SHIP,F6:WATER,F7:WATER,F8:WATER,F9:WATER,F10:SHIP,G1:WATER,G2:WATER,G3:WATER,G4:WATER,G5:WATER,G6:WATER,G7:WATER,G8:WATER,G9:WATER,G10:WATER,H1:WATER,H2:WATER,H3:WATER,H4:WATER,H5:WATER,H6:WATER,H7:WATER,H8:WATER,H9:SHIP,H10:SHIP,I1:WATER,I2:WATER,I3:WATER,I4:WATER,I5:SHIP,I6:WATER,I7:WATER,I8:WATER,I9:WATER,I10:WATER,J1:WATER,J2:WATER,J3:WATER,J4:WATER,J5:SHIP,J6:WATER,J7:WATER,J8:WATER,J9:WATER,J10:WATER;A1:WATER,A2:WATER,A3:WATER,A4:SHIP,A5:WATER,A6:SHIP,A7:WATER,A8:WATER,A9:WATER,A10:WATER,B1:WATER,B2:WATER,B3:WATER,B4:WATER,B5:SHIP,B6:SHIP,B7:SHIP,B8:SHIP,B9:WATER,B10:WATER,C1:WATER,C2:WATER,C3:WATER,C4:WATER,C5:SHIP,C6:SHIP,C7:WATER,C8:WATER,C9:WATER,C10:WATER,D1:WATER,D2:WATER,D3:SHIP,D4:WATER,D5:SHIP,D6:WATER,D7:WATER,D8:WATER,D9:WATER,D10:WATER,E1:WATER,E2:WATER,E3:WATER,E4:WATER,E5:SHIP,E6:WATER,E7:WATER,E8:WATER,E9:WATER,E10:WATER,F1:WATER,F2:WATER,F3:SHIP,F4:WATER,F5:SHIP,F6:WATER,F7:WATER,F8:WATER,F9:WATER,F10:WATER,G1:WATER,G2:WATER,G3:SHIP,G4:WATER,G5:WATER,G6:WATER,G7:WATER,G8:WATER,G9:SHIP,G10:SHIP,H1:WATER,H2:SHIP,H3:SHIP,H4:SHIP,H5:SHIP,H6:WATER,H7:WATER,H8:WATER,H9:WATER,H10:SHIP,I1:WATER,I2:WATER,I3:WATER,I4:WATER,I5:WATER,I6:WATER,I7:WATER,I8:WATER,I9:WATER,I10:SHIP,J1:WATER,J2:WATER,J3:WATER,J4:WATER,J5:WATER,J6:WATER,J7:WATER,J8:WATER,J9:WATER,J10:WATER;ONGOING;0

[INFO] 2025-04-19 13:18:51 sa Received STATUS|OPPONENT_TURN;A1:SHIP,A2:SHIP,A3:SHIP,A4:SHIP,A5:SHIP,A6:WATER,A7:WATER,A8:WATER,A9:WATER,A10:WATER,B1:WATER,B2:WATER,B3:WATER,B4:WATER,B5:WATER,B6:WATER,B7:WATER,B8:WATER,B9:WATER,B10:WATER,C1:WATER,C2:SHIP,C3:SHIP,C4:SHIP,C5:WATER,C6:WATER,C7:WATER,C8:WATER,C9:WATER,C10:WATER,D1:SHIP,D2:SHIP,D3:SHIP,D4:SHIP,D5:WATER,D6:WATER,D7:WATER,D8:WATER,D9:WATER,D10:SHIP,E1:WATER,E2:WATER,E3:WATER,E4:WATER,E5:WATER,E6:WATER,E7:WATER,E8:WATER,E9:WATER,E10:SHIP,F1:SHIP,F2:WATER,F3:WATER,F4:SHIP,F5:SHIP,F6:WATER,F7:WATER,F8:WATER,F9:WATER,F10:SHIP,G1:WATER,G2:WATER,G3:WATER,G4:WATER,G5:WATER,G6:WATER,G7:WATER,G8:WATER,G9:WATER,G10:WATER,H1:WATER,H2:WATER,H3:WATER,H4:WATER,H5:WATER,H6:WATER,H7:WATER,H8:WATER,H9:SHIP,H10:SHIP,I1:WATER,I2:WATER,I3:WATER,I4:WATER,I5:SHIP,I6:WATER,I7:WATER,I8:WATER,I9:WATER,I10:WATER,J1:WATER,J2:WATER,J3:WATER,J4:WATER,J5:SHIP,J6:WATER,J7:WATER,J8:WATER,J9:WATER,J10:WATER;A1:WATER,A2:WATER,A3:WATER,A4:SHIP,A5:WATER,A6:SHIP,A7:WATER,A8:WATER,A9:WATER,A10:WATER,B1:WATER,B2:WATER,B3:WATER,B4:WATER,B5:SHIP,B6:SHIP,B7:SHIP,B8:SHIP,B9:WATER,B10:WATER,C1:WATER,C2:WATER,C3:WATER,C4:WATER,C5:SHIP,C6:SHIP,C7:WATER,C8:WATER,C9:WATER,C10:WATER,D1:WATER,D2:WATER,D3:SHIP,D4:WATER,D5:SHIP,D6:WATER,D7:WATER,D8:WATER,D9:WATER,D10:WATER,E1:WATER,E2:WATER,E3:WATER,E4:WATER,E5:SHIP,E6:WATER,E7:WATER,E8:WATER,E9:WATER,E10:WATER,F1:WATER,F2:WATER,F3:SHIP,F4:WATER,F5:SHIP,F6:WATER,F7:WATER,F8:WATER,F9:WATER,F10:WATER,G1:WATER,G2:WATER,G3:SHIP,G4:WATER,G5:WATER,G6:WATER,G7:WATER,G8:WATER,G9:SHIP,G10:SHIP,H1:WATER,H2:SHIP,H3:SHIP,H4:SHIP,H5:SHIP,H6:WATER,H7:WATER,H8:WATER,H9:WATER,H10:SHIP,I1:WATER,I2:WATER,I3:WATER,I4:WATER,I5:WATER,I6:WATER,I7:WATER,I8:WATER,I9:WATER,I10:SHIP,J1:WATER,J2:WATER,J3:WATER,J4:WATER,J5:WATER,J6:WATER,J7:WATER,J8:WATER,J9:WATER,J10:WATER;ONGOING;0

[INFO] 2025-04-19 13:18:51 sa Processing STATUS Turn: OPPONENT_TURN
[DEBUG] 2025-04-19 13:18:51 sa Starting display_game_state Player: sa
[DEBUG] 2025-04-19 13:18:51 sa Finished rendering boards and menu Player: sa
[DEBUG] 2025-04-19 13:18:54 sa Raw received GAME_OVER|YOU_WIN

[INFO] 2025-04-19 13:18:54 sa Received GAME_OVER|YOU_WIN

[INFO] 2025-04-19 13:18:54 sa Received GAME_OVER YOU_WIN
[ERROR] 2025-04-19 13:18:54 sa Receive failed Server disconnected
[DEBUG] 2025-04-19 13:18:54 sa receive_loop terminated running_: false
